<?xml version="1.0" encoding="UTF-8"?>
<!-- Generated by org.testng.reporters.JUnitReportReporter -->
<testsuite skipped="0" hostname="TRD-427" name="com.facebooklogin.FacebookLoginTest" tests="1" failures="0" timestamp="27 Aug 2019 11:19:18 GMT" time="53.522" errors="0">
  <testcase name="facebookLoginTest" time="53.522" classname="com.facebooklogin.FacebookLoginTest"/>
</testsuite> <!-- com.facebooklogin.FacebookLoginTest -->
