<?xml version="1.0" encoding="UTF-8"?>
<!-- Generated by org.testng.reporters.JUnitReportReporter -->
<testsuite skipped="0" hostname="TRD-427" name="com.facebooklogin.FacebookLoginTest" tests="1" failures="0" timestamp="26 Aug 2019 05:27:00 GMT" time="49.797" errors="0">
  <testcase name="facebookLoginTest" time="49.797" classname="com.facebooklogin.FacebookLoginTest"/>
</testsuite> <!-- com.facebooklogin.FacebookLoginTest -->
